header {
    title = "Splunk server logs";
}
axes {
    enum axis0 [label="source"];
    enum axis1 [label="host"];
    enum axis2 [label="sourcetype"];
    string axis3 [label="_raw"];
#    integer axis4 [label="_fullcharcount"];
#    integer axis5 [label="_fulllinecount"];
#    integer axis6 [label="_segs"];
}
data {
 axis0="/var/log/messages",  axis1="wrestlingcleats",  axis2="syslog",  axis3="2011-11-11T16:03:39.140806-05:00 wrestlingcleats shutdown: shutdown by root: ",  axis4="",  axis5="",  axis6="";
 axis0="/var/log/security",  axis1="wrestlingcleats.usma.bluenet",  axis2="too_small",  axis3="2011-11-11T16:03:39.140806-05:00 wrestlingcleats shutdown: shutdown by root: ",  axis4="",  axis5="",  axis6="";
 axis0="/var/log/auth.log",  axis1="wrestlingcleats.usma.bluenet",  axis2="too_small",  axis3="2011-11-11T16:03:39.140806-05:00 wrestlingcleats shutdown: shutdown by root: ",  axis4="",  axis5="",  axis6="";
 axis0="udp:514",  axis1="180.242.137.181",  axis2="syslog",  axis3="Nov 11 16:00:06 180.242.137.181 Nov 11 16:00:00 /usr/sbin/cron[5413]: (root) CMD (/usr/libexec/atrun)",  axis4="",  axis5="",  axis6="";
 axis0="udp:514",  axis1="180.242.137.181",  axis2="syslog",  axis3="Nov 11 16:00:06 180.242.137.181 Nov 11 16:00:00 /usr/sbin/cron[5411]: (root) CMD (newsyslog)",  axis4="",  axis5="",  axis6="";
 axis0="/var/log/cron",  axis1="wrestlingcleats.usma.bluenet",  axis2="too_small",  axis3="2011-11-11T16:00:00.778973-05:00 wrestlingcleats /usr/sbin/cron[22190]: (root) CMD (newsyslog)",  axis4="",  axis5="",  axis6="";
 axis0="/var/log/cron",  axis1="wrestlingcleats.usma.bluenet",  axis2="too_small",  axis3="2011-11-11T16:00:00.778967-05:00 wrestlingcleats /usr/sbin/cron[22192]: (root) CMD (/usr/libexec/atrun)",  axis4="",  axis5="",  axis6="";
 axis0="udp:514",  axis1="65.190.233.37",  axis2="syslog",  axis3="Nov 11 15:59:08 65.190.233.37 Nov 11 16:00:00 /usr/sbin/cron[2059]: (root) CMD (/usr/libexec/atrun)",  axis4="",  axis5="",  axis6="";
 axis0="udp:514",  axis1="65.190.233.37",  axis2="syslog",  axis3="Nov 11 15:59:08 65.190.233.37 Nov 11 16:00:00 /usr/sbin/cron[2055]: (root) CMD (newsyslog)",  axis4="",  axis5="",  axis6="";
 axis0="udp:514",  axis1="7.204.241.161",  axis2="syslog",  axis3="Nov 11 15:58:46 7.204.241.161 Nov 11 16:00:00 /usr/sbin/cron[3566]: (root) CMD (/usr/libexec/atrun)",  axis4="",  axis5="",  axis6="";
 axis0="udp:514",  axis1="7.204.241.161",  axis2="syslog",  axis3="Nov 11 15:58:46 7.204.241.161 Nov 11 16:00:00 /usr/sbin/cron[3563]: (root) CMD (newsyslog)",  axis4="",  axis5="",  axis6="";
 axis0="udp:514",  axis1="180.242.137.181",  axis2="syslog",  axis3="Nov 11 15:55:06 180.242.137.181 Nov 11 15:55:00 /usr/sbin/cron[5394]: (root) CMD (/usr/libexec/atrun)",  axis4="",  axis5="",  axis6="";
 axis0="/var/log/cron",  axis1="wrestlingcleats.usma.bluenet",  axis2="too_small",  axis3="2011-11-11T15:55:00.465618-05:00 wrestlingcleats /usr/sbin/cron[21548]: (root) CMD (/usr/libexec/atrun)",  axis4="",  axis5="",  axis6="";
 axis0="udp:514",  axis1="65.190.233.37",  axis2="syslog",  axis3="Nov 11 15:54:08 65.190.233.37 Nov 11 15:55:00 /usr/sbin/cron[2040]: (root) CMD (/usr/libexec/atrun)",  axis4="",  axis5="",  axis6="";
 axis0="udp:514",  axis1="7.204.241.161",  axis2="syslog",  axis3="Nov 11 15:53:46 7.204.241.161 Nov 11 15:55:00 /usr/sbin/cron[3548]: (root) CMD (/usr/libexec/atrun)",  axis4="",  axis5="",  axis6="";
 axis0="udp:514",  axis1="180.242.137.181",  axis2="syslog",  axis3="Nov 11 15:50:06 180.242.137.181 Nov 11 15:50:00 /usr/sbin/cron[5390]: (root) CMD (/usr/libexec/atrun)",  axis4="",  axis5="",  axis6="";
 axis0="/var/log/cron",  axis1="wrestlingcleats.usma.bluenet",  axis2="too_small",  axis3="2011-11-11T15:50:00.213376-05:00 wrestlingcleats /usr/sbin/cron[20881]: (root) CMD (/usr/libexec/atrun)",  axis4="",  axis5="",  axis6="";
 axis0="udp:514",  axis1="65.190.233.37",  axis2="syslog",  axis3="Nov 11 15:49:08 65.190.233.37 Nov 11 15:50:00 /usr/sbin/cron[2035]: (root) CMD (/usr/libexec/atrun)",  axis4="",  axis5="",  axis6="";
 axis0="udp:514",  axis1="7.204.241.161",  axis2="syslog",  axis3="Nov 11 15:48:45 7.204.241.161 Nov 11 15:50:00 /usr/sbin/cron[3540]: (root) CMD (/usr/libexec/atrun)",  axis4="",  axis5="",  axis6="";
 axis0="udp:514",  axis1="180.242.137.181",  axis2="syslog",  axis3="Nov 11 15:45:06 180.242.137.181 Nov 11 15:45:00 /usr/sbin/cron[5387]: (root) CMD (/usr/libexec/atrun)",  axis4="",  axis5="",  axis6="";
 axis0="/var/log/cron",  axis1="wrestlingcleats.usma.bluenet",  axis2="too_small",  axis3="2011-11-11T15:45:00.962717-05:00 wrestlingcleats /usr/sbin/cron[20262]: (root) CMD (/usr/libexec/atrun)",  axis4="",  axis5="",  axis6="";
 axis0="udp:514",  axis1="65.190.233.37",  axis2="syslog",  axis3="Nov 11 15:44:08 65.190.233.37 Nov 11 15:45:00 /usr/sbin/cron[2032]: (root) CMD (/usr/libexec/atrun)",  axis4="",  axis5="",  axis6="";
 axis0="udp:514",  axis1="7.204.241.161",  axis2="syslog",  axis3="Nov 11 15:43:46 7.204.241.161 Nov 11 15:45:00 /usr/sbin/cron[3530]: (root) CMD (/usr/libexec/atrun)",  axis4="",  axis5="",  axis6="";
 axis0="udp:514",  axis1="180.242.137.181",  axis2="syslog",  axis3="Nov 11 15:40:06 180.242.137.181 Nov 11 15:40:00 /usr/sbin/cron[5371]: (root) CMD (/usr/libexec/atrun)",  axis4="",  axis5="",  axis6="";
 axis0="/var/log/cron",  axis1="wrestlingcleats.usma.bluenet",  axis2="too_small",  axis3="2011-11-11T15:40:00.668332-05:00 wrestlingcleats /usr/sbin/cron[19619]: (root) CMD (/usr/libexec/atrun)",  axis4="",  axis5="",  axis6="";
 axis0="udp:514",  axis1="65.190.233.37",  axis2="syslog",  axis3="Nov 11 15:39:08 65.190.233.37 Nov 11 15:40:00 /usr/sbin/cron[2012]: (root) CMD (/usr/libexec/atrun)",  axis4="",  axis5="",  axis6="";
 axis0="udp:514",  axis1="7.204.241.161",  axis2="syslog",  axis3="Nov 11 15:38:46 7.204.241.161 Nov 11 15:40:00 /usr/sbin/cron[3498]: (root) CMD (/usr/libexec/atrun)",  axis4="",  axis5="",  axis6="";
 axis0="udp:514",  axis1="180.242.137.181",  axis2="syslog",  axis3="Nov 11 15:35:06 180.242.137.181 Nov 11 15:35:00 /usr/sbin/cron[5368]: (root) CMD (/usr/libexec/atrun)",  axis4="",  axis5="",  axis6="";
 axis0="/var/log/cron",  axis1="wrestlingcleats.usma.bluenet",  axis2="too_small",  axis3="2011-11-11T15:35:00.413949-05:00 wrestlingcleats /usr/sbin/cron[18974]: (root) CMD (/usr/libexec/atrun)",  axis4="",  axis5="",  axis6="";
 axis0="udp:514",  axis1="65.190.233.37",  axis2="syslog",  axis3="Nov 11 15:34:08 65.190.233.37 Nov 11 15:35:00 /usr/sbin/cron[2002]: (root) CMD (/usr/libexec/atrun)",  axis4="",  axis5="",  axis6="";
 axis0="udp:514",  axis1="7.204.241.161",  axis2="syslog",  axis3="Nov 11 15:33:46 7.204.241.161 Nov 11 15:35:00 /usr/sbin/cron[3494]: (root) CMD (/usr/libexec/atrun)",  axis4="",  axis5="",  axis6="";
 axis0="udp:514",  axis1="180.242.137.181",  axis2="syslog",  axis3="Nov 11 15:30:05 180.242.137.181 Nov 11 15:30:00 /usr/sbin/cron[5352]: (root) CMD (/usr/libexec/atrun)",  axis4="",  axis5="",  axis6="";
 axis0="/var/log/cron",  axis1="wrestlingcleats.usma.bluenet",  axis2="too_small",  axis3="2011-11-11T15:30:00.103747-05:00 wrestlingcleats /usr/sbin/cron[18332]: (root) CMD (/usr/libexec/atrun)",  axis4="",  axis5="",  axis6="";
 axis0="udp:514",  axis1="65.190.233.37",  axis2="syslog",  axis3="Nov 11 15:29:08 65.190.233.37 Nov 11 15:30:00 /usr/sbin/cron[1986]: (root) CMD (/usr/libexec/atrun)",  axis4="",  axis5="",  axis6="";
 axis0="udp:514",  axis1="7.204.241.161",  axis2="syslog",  axis3="Nov 11 15:28:46 7.204.241.161 Nov 11 15:30:00 /usr/sbin/cron[3470]: (root) CMD (/usr/libexec/atrun)",  axis4="",  axis5="",  axis6="";
 axis0="udp:514",  axis1="180.242.137.181",  axis2="syslog",  axis3="Nov 11 15:25:06 180.242.137.181 Nov 11 15:25:00 /usr/sbin/cron[5349]: (root) CMD (/usr/libexec/atrun)",  axis4="",  axis5="",  axis6="";
 axis0="/var/log/cron",  axis1="wrestlingcleats.usma.bluenet",  axis2="too_small",  axis3="2011-11-11T15:25:00.849041-05:00 wrestlingcleats /usr/sbin/cron[17725]: (root) CMD (/usr/libexec/atrun)",  axis4="",  axis5="",  axis6="";
 axis0="udp:514",  axis1="65.190.233.37",  axis2="syslog",  axis3="Nov 11 15:24:08 65.190.233.37 Nov 11 15:25:00 /usr/sbin/cron[1983]: (root) CMD (/usr/libexec/atrun)",  axis4="",  axis5="",  axis6="";
 axis0="udp:514",  axis1="7.204.241.161",  axis2="syslog",  axis3="Nov 11 15:23:46 7.204.241.161 Nov 11 15:25:00 /usr/sbin/cron[3466]: (root) CMD (/usr/libexec/atrun)",  axis4="",  axis5="",  axis6="";
 axis0="udp:514",  axis1="180.242.137.181",  axis2="syslog",  axis3="Nov 11 15:20:06 180.242.137.181 Nov 11 15:20:00 /usr/sbin/cron[5333]: (root) CMD (/usr/libexec/atrun)",  axis4="",  axis5="",  axis6="";
 axis0="/var/log/cron",  axis1="wrestlingcleats.usma.bluenet",  axis2="too_small",  axis3="2011-11-11T15:20:00.557977-05:00 wrestlingcleats /usr/sbin/cron[17103]: (root) CMD (/usr/libexec/atrun)",  axis4="",  axis5="",  axis6="";
 axis0="udp:514",  axis1="65.190.233.37",  axis2="syslog",  axis3="Nov 11 15:19:08 65.190.233.37 Nov 11 15:20:00 /usr/sbin/cron[1965]: (root) CMD (/usr/libexec/atrun)",  axis4="",  axis5="",  axis6="";
 axis0="udp:514",  axis1="7.204.241.161",  axis2="syslog",  axis3="Nov 11 15:18:46 7.204.241.161 Nov 11 15:20:00 /usr/sbin/cron[3449]: (root) CMD (/usr/libexec/atrun)",  axis4="",  axis5="",  axis6="";
 axis0="udp:514",  axis1="180.242.137.181",  axis2="syslog",  axis3="Nov 11 15:15:05 180.242.137.181 Nov 11 15:15:00 /usr/sbin/cron[5330]: (root) CMD (/usr/libexec/atrun)",  axis4="",  axis5="",  axis6="";
 axis0="/var/log/cron",  axis1="wrestlingcleats.usma.bluenet",  axis2="too_small",  axis3="2011-11-11T15:15:00.306927-05:00 wrestlingcleats /usr/sbin/cron[16432]: (root) CMD (/usr/libexec/atrun)",  axis4="",  axis5="",  axis6="";
 axis0="udp:514",  axis1="65.190.233.37",  axis2="syslog",  axis3="Nov 11 15:14:08 65.190.233.37 Nov 11 15:15:00 /usr/sbin/cron[1962]: (root) CMD (/usr/libexec/atrun)",  axis4="",  axis5="",  axis6="";
 axis0="udp:514",  axis1="7.204.241.161",  axis2="syslog",  axis3="Nov 11 15:13:46 7.204.241.161 Nov 11 15:15:00 /usr/sbin/cron[3441]: (root) CMD (/usr/libexec/atrun)",  axis4="",  axis5="",  axis6="";
 axis0="udp:514",  axis1="180.242.137.181",  axis2="syslog",  axis3="Nov 11 15:10:05 180.242.137.181 Nov 11 15:10:00 /usr/sbin/cron[5314]: (root) CMD (/usr/libexec/atrun)",  axis4="",  axis5="",  axis6="";
 axis0="/var/log/cron",  axis1="wrestlingcleats.usma.bluenet",  axis2="too_small",  axis3="2011-11-11T15:10:00.995248-05:00 wrestlingcleats /usr/sbin/cron[15771]: (root) CMD (/usr/libexec/atrun)",  axis4="",  axis5="",  axis6="";
 axis0="udp:514",  axis1="65.190.233.37",  axis2="syslog",  axis3="Nov 11 15:09:09 65.190.233.37 Nov 11 15:10:00 /usr/sbin/cron[1946]: (root) CMD (/usr/libexec/atrun)",  axis4="",  axis5="",  axis6="";
 axis0="udp:514",  axis1="7.204.241.161",  axis2="syslog",  axis3="Nov 11 15:08:46 7.204.241.161 Nov 11 15:10:00 /usr/sbin/cron[3424]: (root) CMD (/usr/libexec/atrun)",  axis4="",  axis5="",  axis6="";
 axis0="udp:514",  axis1="180.242.137.181",  axis2="syslog",  axis3="Nov 11 15:05:06 180.242.137.181 Nov 11 15:05:00 /usr/sbin/cron[5311]: (root) CMD (/usr/libexec/atrun)",  axis4="",  axis5="",  axis6="";
 axis0="/var/log/cron",  axis1="wrestlingcleats.usma.bluenet",  axis2="too_small",  axis3="2011-11-11T15:05:00.742153-05:00 wrestlingcleats /usr/sbin/cron[15130]: (root) CMD (/usr/libexec/atrun)",  axis4="",  axis5="",  axis6="";
 axis0="udp:514",  axis1="65.190.233.37",  axis2="syslog",  axis3="Nov 11 15:04:08 65.190.233.37 Nov 11 15:05:00 /usr/sbin/cron[1943]: (root) CMD (/usr/libexec/atrun)",  axis4="",  axis5="",  axis6="";
 axis0="udp:514",  axis1="7.204.241.161",  axis2="syslog",  axis3="Nov 11 15:03:46 7.204.241.161 Nov 11 15:05:00 /usr/sbin/cron[3421]: (root) CMD (/usr/libexec/atrun)",  axis4="",  axis5="",  axis6="";
 axis0="udp:514",  axis1="180.242.137.181",  axis2="syslog",  axis3="Nov 11 15:00:05 180.242.137.181 Nov 11 15:00:00 /usr/sbin/cron[5295]: (root) CMD (/usr/libexec/atrun)",  axis4="",  axis5="",  axis6="";
 axis0="udp:514",  axis1="180.242.137.181",  axis2="syslog",  axis3="Nov 11 15:00:05 180.242.137.181 Nov 11 15:00:00 /usr/sbin/cron[5293]: (root) CMD (newsyslog)",  axis4="",  axis5="",  axis6="";
 axis0="/var/log/cron",  axis1="wrestlingcleats.usma.bluenet",  axis2="too_small",  axis3="2011-11-11T15:00:00.453892-05:00 wrestlingcleats /usr/sbin/cron[14444]: (root) CMD (/usr/libexec/atrun)",  axis4="",  axis5="",  axis6="";
 axis0="/var/log/cron",  axis1="wrestlingcleats.usma.bluenet",  axis2="too_small",  axis3="2011-11-11T15:00:00.450376-05:00 wrestlingcleats /usr/sbin/cron[14442]: (root) CMD (newsyslog)",  axis4="",  axis5="",  axis6="";
 axis0="udp:514",  axis1="65.190.233.37",  axis2="syslog",  axis3="Nov 11 14:59:08 65.190.233.37 Nov 11 15:00:00 /usr/sbin/cron[1928]: (root) CMD (/usr/libexec/atrun)",  axis4="",  axis5="",  axis6="";
 axis0="udp:514",  axis1="65.190.233.37",  axis2="syslog",  axis3="Nov 11 14:59:08 65.190.233.37 Nov 11 15:00:00 /usr/sbin/cron[1926]: (root) CMD (newsyslog)",  axis4="",  axis5="",  axis6="";
 axis0="udp:514",  axis1="7.204.241.161",  axis2="syslog",  axis3="Nov 11 14:58:46 7.204.241.161 Nov 11 15:00:00 /usr/sbin/cron[3403]: (root) CMD (/usr/libexec/atrun)",  axis4="",  axis5="",  axis6="";
 axis0="udp:514",  axis1="7.204.241.161",  axis2="syslog",  axis3="Nov 11 14:58:46 7.204.241.161 Nov 11 15:00:00 /usr/sbin/cron[3401]: (root) CMD (newsyslog)",  axis4="",  axis5="",  axis6="";
 axis0="udp:514",  axis1="180.242.137.181",  axis2="syslog",  axis3="Nov 11 14:55:05 180.242.137.181 Nov 11 14:55:00 /usr/sbin/cron[5278]: (root) CMD (/usr/libexec/atrun)",  axis4="",  axis5="",  axis6="";
 axis0="/var/log/cron",  axis1="wrestlingcleats.usma.bluenet",  axis2="too_small",  axis3="2011-11-11T14:55:00.162454-05:00 wrestlingcleats /usr/sbin/cron[13818]: (root) CMD (/usr/libexec/atrun)",  axis4="",  axis5="",  axis6="";
 axis0="udp:514",  axis1="65.190.233.37",  axis2="syslog",  axis3="Nov 11 14:54:08 65.190.233.37 Nov 11 14:55:00 /usr/sbin/cron[1910]: (root) CMD (/usr/libexec/atrun)",  axis4="",  axis5="",  axis6="";
 axis0="udp:514",  axis1="7.204.241.161",  axis2="syslog",  axis3="Nov 11 14:53:46 7.204.241.161 Nov 11 14:55:00 /usr/sbin/cron[3358]: (root) CMD (/usr/libexec/atrun)",  axis4="",  axis5="",  axis6="";
 axis0="udp:514",  axis1="180.242.137.181",  axis2="syslog",  axis3="Nov 11 14:50:06 180.242.137.181 Nov 11 14:50:00 /usr/sbin/cron[5273]: (root) CMD (/usr/libexec/atrun)",  axis4="",  axis5="",  axis6="";
 axis0="/var/log/cron",  axis1="wrestlingcleats.usma.bluenet",  axis2="too_small",  axis3="2011-11-11T14:50:00.912435-05:00 wrestlingcleats /usr/sbin/cron[13183]: (root) CMD (/usr/libexec/atrun)",  axis4="",  axis5="",  axis6="";
 axis0="udp:514",  axis1="65.190.233.37",  axis2="syslog",  axis3="Nov 11 14:49:08 65.190.233.37 Nov 11 14:50:00 /usr/sbin/cron[1905]: (root) CMD (/usr/libexec/atrun)",  axis4="",  axis5="",  axis6="";
 axis0="udp:514",  axis1="7.204.241.161",  axis2="syslog",  axis3="Nov 11 14:48:46 7.204.241.161 Nov 11 14:50:00 /usr/sbin/cron[3313]: (root) CMD (/usr/libexec/atrun)",  axis4="",  axis5="",  axis6="";
 axis0="udp:514",  axis1="31.154.241.3",  axis2="syslog",  axis3="\"Nov 11 14:47:11 31.154.241.3 Nov 11 14:47:22 Gamma.usma.bluenet MSWinEventLog	1	System	167	Fri Nov 11 14:47:20 2011	20003	Microsoft-Windows-User-PnP	S-1-5-18	N/A	Information	Gamma.usma.bluenet	None		Driver Management has concluded the process to add Service tunnel for Device Instance ID ROOT\\*ISATAP\\0000 with the following status: 0.	55 \"",  axis4="",  axis5="",  axis6="";
 axis0="udp:514",  axis1="31.154.241.3",  axis2="syslog",  axis3="\"Nov 11 14:47:05 31.154.241.3 Nov 11 14:47:17 Gamma.usma.bluenet MSWinEventLog	1	Application	69	Fri Nov 11 14:47:15 2011	10	Microsoft-Windows-WMI	N/A	N/A	Error	Gamma.usma.bluenet	None		Event filter with query \"\"SELECT * FROM __InstanceModificationEvent WITHIN 60 WHERE TargetInstance ISA \"\"Win32_Processor\"\" AND TargetInstance.LoadPercentage \"gt; 99\"\" could not be reactivated in namespace \"\"//./root/CIMV2\"\" because of error 0x80041003. Events cannot be delivered through this filter until the problem is corrected.	13 \"",  axis4="",  axis5="",  axis6="";
 axis0="udp:514",  axis1="180.242.137.181",  axis2="syslog",  axis3="Nov 11 14:45:05 180.242.137.181 Nov 11 14:45:00 /usr/sbin/cron[5270]: (root) CMD (/usr/libexec/atrun)",  axis4="",  axis5="",  axis6="";
 axis0="/var/log/cron",  axis1="wrestlingcleats.usma.bluenet",  axis2="too_small",  axis3="2011-11-11T14:45:00.660575-05:00 wrestlingcleats /usr/sbin/cron[12559]: (root) CMD (/usr/libexec/atrun)",  axis4="",  axis5="",  axis6="";
 axis0="udp:514",  axis1="65.190.233.37",  axis2="syslog",  axis3="Nov 11 14:44:08 65.190.233.37 Nov 11 14:45:00 /usr/sbin/cron[1902]: (root) CMD (/usr/libexec/atrun)",  axis4="",  axis5="",  axis6="";
 axis0="udp:514",  axis1="7.204.241.161",  axis2="syslog",  axis3="Nov 11 14:43:46 7.204.241.161 Nov 11 14:45:00 /usr/sbin/cron[3297]: (root) CMD (/usr/libexec/atrun)",  axis4="",  axis5="",  axis6="";
 axis0="udp:514",  axis1="180.242.137.181",  axis2="syslog",  axis3="Nov 11 14:40:05 180.242.137.181 Nov 11 14:40:00 /usr/sbin/cron[5254]: (root) CMD (/usr/libexec/atrun)",  axis4="",  axis5="",  axis6="";
 axis0="/var/log/cron",  axis1="wrestlingcleats.usma.bluenet",  axis2="too_small",  axis3="2011-11-11T14:40:00.364007-05:00 wrestlingcleats /usr/sbin/cron[11857]: (root) CMD (/usr/libexec/atrun)",  axis4="",  axis5="",  axis6="";
 axis0="udp:514",  axis1="65.190.233.37",  axis2="syslog",  axis3="Nov 11 14:39:08 65.190.233.37 Nov 11 14:40:00 /usr/sbin/cron[1886]: (root) CMD (/usr/libexec/atrun)",  axis4="",  axis5="",  axis6="";
 axis0="udp:514",  axis1="7.204.241.161",  axis2="syslog",  axis3="Nov 11 14:38:45 7.204.241.161 Nov 11 14:40:00 /usr/sbin/cron[3246]: (root) CMD (/usr/libexec/atrun)",  axis4="",  axis5="",  axis6="";
 axis0="udp:514",  axis1="180.242.137.181",  axis2="syslog",  axis3="Nov 11 14:35:06 180.242.137.181 Nov 11 14:35:00 /usr/sbin/cron[5251]: (root) CMD (/usr/libexec/atrun)",  axis4="",  axis5="",  axis6="";
 axis0="/var/log/cron",  axis1="wrestlingcleats.usma.bluenet",  axis2="too_small",  axis3="2011-11-11T14:35:00.111161-05:00 wrestlingcleats /usr/sbin/cron[11252]: (root) CMD (/usr/libexec/atrun)",  axis4="",  axis5="",  axis6="";
 axis0="udp:514",  axis1="65.190.233.37",  axis2="syslog",  axis3="Nov 11 14:34:08 65.190.233.37 Nov 11 14:35:00 /usr/sbin/cron[1883]: (root) CMD (/usr/libexec/atrun)",  axis4="",  axis5="",  axis6="";
 axis0="udp:514",  axis1="7.204.241.161",  axis2="syslog",  axis3="Nov 11 14:33:46 7.204.241.161 Nov 11 14:35:00 /usr/sbin/cron[3214]: (root) CMD (/usr/libexec/atrun)",  axis4="",  axis5="",  axis6="";
 axis0="udp:514",  axis1="180.242.137.181",  axis2="syslog",  axis3="Nov 11 14:30:05 180.242.137.181 Nov 11 14:30:00 /usr/sbin/cron[5235]: (root) CMD (/usr/libexec/atrun)",  axis4="",  axis5="",  axis6="";
 axis0="/var/log/cron",  axis1="wrestlingcleats.usma.bluenet",  axis2="too_small",  axis3="2011-11-11T14:30:00.800179-05:00 wrestlingcleats /usr/sbin/cron[10598]: (root) CMD (/usr/libexec/atrun)",  axis4="",  axis5="",  axis6="";
 axis0="udp:514",  axis1="65.190.233.37",  axis2="syslog",  axis3="Nov 11 14:29:09 65.190.233.37 Nov 11 14:30:00 /usr/sbin/cron[1867]: (root) CMD (/usr/libexec/atrun)",  axis4="",  axis5="",  axis6="";
 axis0="udp:514",  axis1="7.204.241.161",  axis2="syslog",  axis3="Nov 11 14:28:46 7.204.241.161 Nov 11 14:30:00 /usr/sbin/cron[3170]: (root) CMD (/usr/libexec/atrun)",  axis4="",  axis5="",  axis6="";
 axis0="udp:514",  axis1="180.242.137.181",  axis2="syslog",  axis3="Nov 11 14:25:05 180.242.137.181 Nov 11 14:25:00 /usr/sbin/cron[5232]: (root) CMD (/usr/libexec/atrun)",  axis4="",  axis5="",  axis6="";
 axis0="/var/log/cron",  axis1="wrestlingcleats.usma.bluenet",  axis2="too_small",  axis3="2011-11-11T14:25:00.549433-05:00 wrestlingcleats /usr/sbin/cron[9913]: (root) CMD (/usr/libexec/atrun)",  axis4="",  axis5="",  axis6="";
 axis0="udp:514",  axis1="65.190.233.37",  axis2="syslog",  axis3="Nov 11 14:24:08 65.190.233.37 Nov 11 14:25:00 /usr/sbin/cron[1864]: (root) CMD (/usr/libexec/atrun)",  axis4="",  axis5="",  axis6="";
 axis0="udp:514",  axis1="7.204.241.161",  axis2="syslog",  axis3="Nov 11 14:23:46 7.204.241.161 Nov 11 14:25:00 /usr/sbin/cron[3163]: (root) CMD (/usr/libexec/atrun)",  axis4="",  axis5="",  axis6="";
 axis0="udp:514",  axis1="180.242.137.181",  axis2="syslog",  axis3="Nov 11 14:20:06 180.242.137.181 Nov 11 14:20:00 /usr/sbin/cron[5216]: (root) CMD (/usr/libexec/atrun)",  axis4="",  axis5="",  axis6="";
 axis0="/var/log/cron",  axis1="wrestlingcleats.usma.bluenet",  axis2="too_small",  axis3="2011-11-11T14:20:00.253382-05:00 wrestlingcleats /usr/sbin/cron[9248]: (root) CMD (/usr/libexec/atrun)",  axis4="",  axis5="",  axis6="";
 axis0="udp:514",  axis1="65.190.233.37",  axis2="syslog",  axis3="Nov 11 14:19:08 65.190.233.37 Nov 11 14:20:00 /usr/sbin/cron[1848]: (root) CMD (/usr/libexec/atrun)",  axis4="",  axis5="",  axis6="";
 axis0="udp:514",  axis1="7.204.241.161",  axis2="syslog",  axis3="Nov 11 14:18:46 7.204.241.161 Nov 11 14:20:00 /usr/sbin/cron[3133]: (root) CMD (/usr/libexec/atrun)",  axis4="",  axis5="",  axis6="";
 axis0="udp:514",  axis1="180.242.137.181",  axis2="syslog",  axis3="Nov 11 14:15:05 180.242.137.181 Nov 11 14:15:00 /usr/sbin/cron[5213]: (root) CMD (/usr/libexec/atrun)",  axis4="",  axis5="",  axis6="";
 axis0="/var/log/cron",  axis1="wrestlingcleats.usma.bluenet",  axis2="too_small",  axis3="2011-11-11T14:15:01.003218-05:00 wrestlingcleats /usr/sbin/cron[8625]: (root) CMD (/usr/libexec/atrun)",  axis4="",  axis5="",  axis6="";
 axis0="udp:514",  axis1="65.190.233.37",  axis2="syslog",  axis3="Nov 11 14:14:08 65.190.233.37 Nov 11 14:15:00 /usr/sbin/cron[1845]: (root) CMD (/usr/libexec/atrun)",  axis4="",  axis5="",  axis6="";
 axis0="udp:514",  axis1="7.204.241.161",  axis2="syslog",  axis3="Nov 11 14:13:46 7.204.241.161 Nov 11 14:15:00 /usr/sbin/cron[3111]: (root) CMD (/usr/libexec/atrun)",  axis4="",  axis5="",  axis6="";
 axis0="udp:514",  axis1="180.242.137.181",  axis2="syslog",  axis3="Nov 11 14:10:05 180.242.137.181 Nov 11 14:10:00 /usr/sbin/cron[5197]: (root) CMD (/usr/libexec/atrun)",  axis4="",  axis5="",  axis6="";
 axis0="/var/log/cron",  axis1="wrestlingcleats.usma.bluenet",  axis2="too_small",  axis3="2011-11-11T14:10:00.709799-05:00 wrestlingcleats /usr/sbin/cron[7961]: (root) CMD (/usr/libexec/atrun)",  axis4="",  axis5="",  axis6="";
 axis0="udp:514",  axis1="65.190.233.37",  axis2="syslog",  axis3="Nov 11 14:09:08 65.190.233.37 Nov 11 14:10:00 /usr/sbin/cron[1824]: (root) CMD (/usr/libexec/atrun)",  axis4="",  axis5="",  axis6="";
 axis0="udp:514",  axis1="7.204.241.161",  axis2="syslog",  axis3="Nov 11 14:08:46 7.204.241.161 Nov 11 14:10:00 /usr/sbin/cron[3094]: (root) CMD (/usr/libexec/atrun)",  axis4="",  axis5="",  axis6="";
 axis0="udp:514",  axis1="180.242.137.181",  axis2="syslog",  axis3="Nov 11 14:05:05 180.242.137.181 Nov 11 14:05:01 /usr/sbin/cron[5194]: (root) CMD (/usr/libexec/atrun)",  axis4="",  axis5="",  axis6="";
 axis0="/var/log/cron",  axis1="wrestlingcleats.usma.bluenet",  axis2="too_small",  axis3="2011-11-11T14:05:00.460812-05:00 wrestlingcleats /usr/sbin/cron[7268]: (root) CMD (/usr/libexec/atrun)",  axis4="",  axis5="",  axis6="";
 axis0="udp:514",  axis1="65.190.233.37",  axis2="syslog",  axis3="Nov 11 14:04:08 65.190.233.37 Nov 11 14:05:00 /usr/sbin/cron[1821]: (root) CMD (/usr/libexec/atrun)",  axis4="",  axis5="",  axis6="";
 axis0="udp:514",  axis1="7.204.241.161",  axis2="syslog",  axis3="Nov 11 14:03:46 7.204.241.161 Nov 11 14:05:00 /usr/sbin/cron[3085]: (root) CMD (/usr/libexec/atrun)",  axis4="",  axis5="",  axis6="";
 axis0="udp:514",  axis1="31.154.241.1",  axis2="syslog",  axis3="\"Nov 11 14:02:12 31.154.241.1 Nov 11 14:03:04 Beta.usma.bluenet MSWinEventLog	1	Application	4069	Fri Nov 11 14:03:04 2011	8	crypt32	Unknown User	N/A	Error	BETA	None		Failed auto update retrieval of third-party root list sequence number from: \"http://www.download.windowsupdate.com/msdownload/update/v3/static/trustedr/en/authrootseq.txt\" with error: This network connection does not exist.    	159\"",  axis4="",  axis5="",  axis6="";
 axis0="udp:514",  axis1="31.154.241.1",  axis2="syslog",  axis3="\"Nov 11 14:02:04 31.154.241.1 Nov 11 14:02:56 Beta.usma.bluenet MSWinEventLog	1	Application	4068	Fri Nov 11 14:02:53 2011	8	crypt32	Unknown User	N/A	Error	BETA	None		Failed auto update retrieval of third-party root list sequence number from: \"http://www.download.windowsupdate.com/msdownload/update/v3/static/trustedr/en/authrootseq.txt\" with error: This network connection does not exist.    	158\"",  axis4="",  axis5="",  axis6="";
 axis0="udp:514",  axis1="31.154.241.1",  axis2="syslog",  axis3="\"Nov 11 14:02:04 31.154.241.1 Nov 11 14:02:56 Beta.usma.bluenet MSWinEventLog	1	Application	4067	Fri Nov 11 14:02:53 2011	8	crypt32	Unknown User	N/A	Error	BETA	None		Failed auto update retrieval of third-party root list sequence number from: \"http://www.download.windowsupdate.com/msdownload/update/v3/static/trustedr/en/authrootseq.txt\" with error: This network connection does not exist.    	157\"",  axis4="",  axis5="",  axis6="";
 axis0="udp:514",  axis1="31.154.241.1",  axis2="syslog",  axis3="\"Nov 11 14:01:59 31.154.241.1 Nov 11 14:02:51 Beta.usma.bluenet MSWinEventLog	1	Application	4066	Fri Nov 11 14:02:51 2011	8	crypt32	Unknown User	N/A	Error	BETA	None		Failed auto update retrieval of third-party root list sequence number from: \"http://www.download.windowsupdate.com/msdownload/update/v3/static/trustedr/en/authrootseq.txt\" with error: This network connection does not exist.    	156\"",  axis4="",  axis5="",  axis6="";
 axis0="udp:514",  axis1="31.154.241.1",  axis2="syslog",  axis3="\"Nov 11 14:01:59 31.154.241.1 Nov 11 14:02:51 Beta.usma.bluenet MSWinEventLog	1	Application	4065	Fri Nov 11 14:02:51 2011	8	crypt32	Unknown User	N/A	Error	BETA	None		Failed auto update retrieval of third-party root list sequence number from: \"http://www.download.windowsupdate.com/msdownload/update/v3/static/trustedr/en/authrootseq.txt\" with error: This network connection does not exist.    	155\"",  axis4="",  axis5="",  axis6="";
 axis0="udp:514",  axis1="31.154.241.1",  axis2="syslog",  axis3="\"Nov 11 14:01:59 31.154.241.1 Nov 11 14:02:51 Beta.usma.bluenet MSWinEventLog	1	Application	4064	Fri Nov 11 14:02:51 2011	8	crypt32	Unknown User	N/A	Error	BETA	None		Failed auto update retrieval of third-party root list sequence number from: \"http://www.download.windowsupdate.com/msdownload/update/v3/static/trustedr/en/authrootseq.txt\" with error: A connection with the server could not be established    	154\"",  axis4="",  axis5="",  axis6="";
 axis0="udp:514",  axis1="31.154.241.1",  axis2="syslog",  axis3="\"Nov 11 14:01:54 31.154.241.1 Nov 11 14:02:46 Beta.usma.bluenet MSWinEventLog	1	Application	4063	Fri Nov 11 14:02:40 2011	8	crypt32	Unknown User	N/A	Error	BETA	None		Failed auto update retrieval of third-party root list sequence number from: \"http://www.download.windowsupdate.com/msdownload/update/v3/static/trustedr/en/authrootseq.txt\" with error: This network connection does not exist.    	153\"",  axis4="",  axis5="",  axis6="";
 axis0="udp:514",  axis1="31.154.241.1",  axis2="syslog",  axis3="\"Nov 11 14:01:54 31.154.241.1 Nov 11 14:02:46 Beta.usma.bluenet MSWinEventLog	1	Application	4062	Fri Nov 11 14:02:40 2011	8	crypt32	Unknown User	N/A	Error	BETA	None		Failed auto update retrieval of third-party root list sequence number from: \"http://www.download.windowsupdate.com/msdownload/update/v3/static/trustedr/en/authrootseq.txt\" with error: This network connection does not exist.    	152\"",  axis4="",  axis5="",  axis6="";
 axis0="udp:514",  axis1="31.154.241.1",  axis2="syslog",  axis3="\"Nov 11 14:01:48 31.154.241.1 Nov 11 14:02:40 Beta.usma.bluenet MSWinEventLog	1	Application	4061	Fri Nov 11 14:02:40 2011	8	crypt32	Unknown User	N/A	Error	BETA	None		Failed auto update retrieval of third-party root list sequence number from: \"http://www.download.windowsupdate.com/msdownload/update/v3/static/trustedr/en/authrootseq.txt\" with error: This network connection does not exist.    	151\"",  axis4="",  axis5="",  axis6="";
 axis0="udp:514",  axis1="31.154.241.1",  axis2="syslog",  axis3="\"Nov 11 14:01:37 31.154.241.1 Nov 11 14:02:29 Beta.usma.bluenet MSWinEventLog	1	Application	4060	Fri Nov 11 14:02:29 2011	8	crypt32	Unknown User	N/A	Error	BETA	None		Failed auto update retrieval of third-party root list sequence number from: \"http://www.download.windowsupdate.com/msdownload/update/v3/static/trustedr/en/authrootseq.txt\" with error: This network connection does not exist.    	150\"",  axis4="",  axis5="",  axis6="";
 axis0="udp:514",  axis1="31.154.241.1",  axis2="syslog",  axis3="\"Nov 11 14:01:37 31.154.241.1 Nov 11 14:02:29 Beta.usma.bluenet MSWinEventLog	1	Application	4059	Fri Nov 11 14:02:26 2011	8	crypt32	Unknown User	N/A	Error	BETA	None		Failed auto update retrieval of third-party root list sequence number from: \"http://www.download.windowsupdate.com/msdownload/update/v3/static/trustedr/en/authrootseq.txt\" with error: This network connection does not exist.    	149\"",  axis4="",  axis5="",  axis6="";
 axis0="udp:514",  axis1="31.154.241.1",  axis2="syslog",  axis3="\"Nov 11 14:01:37 31.154.241.1 Nov 11 14:02:29 Beta.usma.bluenet MSWinEventLog	1	Application	4058	Fri Nov 11 14:02:25 2011	8	crypt32	Unknown User	N/A	Error	BETA	None		Failed auto update retrieval of third-party root list sequence number from: \"http://www.download.windowsupdate.com/msdownload/update/v3/static/trustedr/en/authrootseq.txt\" with error: This network connection does not exist.    	148\"",  axis4="",  axis5="",  axis6="";
 axis0="udp:514",  axis1="31.154.241.1",  axis2="syslog",  axis3="\"Nov 11 14:01:31 31.154.241.1 Nov 11 14:02:23 Beta.usma.bluenet MSWinEventLog	1	Application	4057	Fri Nov 11 14:02:23 2011	8	crypt32	Unknown User	N/A	Error	BETA	None		Failed auto update retrieval of third-party root list sequence number from: \"http://www.download.windowsupdate.com/msdownload/update/v3/static/trustedr/en/authrootseq.txt\" with error: This network connection does not exist.    	147\"",  axis4="",  axis5="",  axis6="";
 axis0="udp:514",  axis1="31.154.241.1",  axis2="syslog",  axis3="\"Nov 11 14:01:31 31.154.241.1 Nov 11 14:02:23 Beta.usma.bluenet MSWinEventLog	1	Application	4056	Fri Nov 11 14:02:21 2011	8	crypt32	Unknown User	N/A	Error	BETA	None		Failed auto update retrieval of third-party root list sequence number from: \"http://www.download.windowsupdate.com/msdownload/update/v3/static/trustedr/en/authrootseq.txt\" with error: This network connection does not exist.    	146\"",  axis4="",  axis5="",  axis6="";
 axis0="udp:514",  axis1="31.154.241.1",  axis2="syslog",  axis3="\"Nov 11 14:01:31 31.154.241.1 Nov 11 14:02:23 Beta.usma.bluenet MSWinEventLog	1	Application	4055	Fri Nov 11 14:02:21 2011	8	crypt32	Unknown User	N/A	Error	BETA	None		Failed auto update retrieval of third-party root list sequence number from: \"http://www.download.windowsupdate.com/msdownload/update/v3/static/trustedr/en/authrootseq.txt\" with error: This network connection does not exist.    	145\"",  axis4="",  axis5="",  axis6="";
 axis0="udp:514",  axis1="31.154.241.1",  axis2="syslog",  axis3="\"Nov 11 14:01:31 31.154.241.1 Nov 11 14:02:23 Beta.usma.bluenet MSWinEventLog	1	Application	4054	Fri Nov 11 14:02:21 2011	8	crypt32	Unknown User	N/A	Error	BETA	None		Failed auto update retrieval of third-party root list sequence number from: \"http://www.download.windowsupdate.com/msdownload/update/v3/static/trustedr/en/authrootseq.txt\" with error: This network connection does not exist.    	144\"",  axis4="",  axis5="",  axis6="";
 axis0="udp:514",  axis1="31.154.241.1",  axis2="syslog",  axis3="\"Nov 11 14:01:31 31.154.241.1 Nov 11 14:02:23 Beta.usma.bluenet MSWinEventLog	1	Application	4053	Fri Nov 11 14:02:19 2011	8	crypt32	Unknown User	N/A	Error	BETA	None		Failed auto update retrieval of third-party root list sequence number from: \"http://www.download.windowsupdate.com/msdownload/update/v3/static/trustedr/en/authrootseq.txt\" with error: This network connection does not exist.    	143\"",  axis4="",  axis5="",  axis6="";
 axis0="udp:514",  axis1="31.154.241.1",  axis2="syslog",  axis3="\"Nov 11 14:01:25 31.154.241.1 Nov 11 14:02:17 Beta.usma.bluenet MSWinEventLog	1	Application	4052	Fri Nov 11 14:02:17 2011	8	crypt32	Unknown User	N/A	Error	BETA	None		Failed auto update retrieval of third-party root list sequence number from: \"http://www.download.windowsupdate.com/msdownload/update/v3/static/trustedr/en/authrootseq.txt\" with error: This network connection does not exist.    	142\"",  axis4="",  axis5="",  axis6="";
 axis0="udp:514",  axis1="31.154.241.1",  axis2="syslog",  axis3="\"Nov 11 14:01:25 31.154.241.1 Nov 11 14:02:17 Beta.usma.bluenet MSWinEventLog	1	Application	4051	Fri Nov 11 14:02:08 2011	8	crypt32	Unknown User	N/A	Error	BETA	None		Failed auto update retrieval of third-party root list sequence number from: \"http://www.download.windowsupdate.com/msdownload/update/v3/static/trustedr/en/authrootseq.txt\" with error: This network connection does not exist.    	141\"",  axis4="",  axis5="",  axis6="";
 axis0="udp:514",  axis1="31.154.241.1",  axis2="syslog",  axis3="\"Nov 11 14:01:12 31.154.241.1 Nov 11 14:02:04 Beta.usma.bluenet MSWinEventLog	1	Application	4050	Fri Nov 11 14:02:00 2011	8	crypt32	Unknown User	N/A	Error	BETA	None		Failed auto update retrieval of third-party root list sequence number from: \"http://www.download.windowsupdate.com/msdownload/update/v3/static/trustedr/en/authrootseq.txt\" with error: This network connection does not exist.    	140\"",  axis4="",  axis5="",  axis6="";
 axis0="udp:514",  axis1="31.154.241.1",  axis2="syslog",  axis3="\"Nov 11 14:01:12 31.154.241.1 Nov 11 14:02:04 Beta.usma.bluenet MSWinEventLog	1	Application	4049	Fri Nov 11 14:01:58 2011	8	crypt32	Unknown User	N/A	Error	BETA	None		Failed auto update retrieval of third-party root list sequence number from: \"http://www.download.windowsupdate.com/msdownload/update/v3/static/trustedr/en/authrootseq.txt\" with error: This network connection does not exist.    	139\"",  axis4="",  axis5="",  axis6="";
 axis0="udp:514",  axis1="31.154.241.1",  axis2="syslog",  axis3="\"Nov 11 14:01:12 31.154.241.1 Nov 11 14:02:04 Beta.usma.bluenet MSWinEventLog	1	Application	4048	Fri Nov 11 14:01:58 2011	8	crypt32	Unknown User	N/A	Error	BETA	None		Failed auto update retrieval of third-party root list sequence number from: \"http://www.download.windowsupdate.com/msdownload/update/v3/static/trustedr/en/authrootseq.txt\" with error: This network connection does not exist.    	138\"",  axis4="",  axis5="",  axis6="";
 axis0="udp:514",  axis1="31.154.241.1",  axis2="syslog",  axis3="\"Nov 11 14:01:06 31.154.241.1 Nov 11 14:01:58 Beta.usma.bluenet MSWinEventLog	1	Application	4047	Fri Nov 11 14:01:58 2011	8	crypt32	Unknown User	N/A	Error	BETA	None		Failed auto update retrieval of third-party root list sequence number from: \"http://www.download.windowsupdate.com/msdownload/update/v3/static/trustedr/en/authrootseq.txt\" with error: This network connection does not exist.    	137\"",  axis4="",  axis5="",  axis6="";
 axis0="udp:514",  axis1="31.154.241.1",  axis2="syslog",  axis3="\"Nov 11 14:01:00 31.154.241.1 Nov 11 14:01:52 Beta.usma.bluenet MSWinEventLog	1	Application	4046	Fri Nov 11 14:01:52 2011	8	crypt32	Unknown User	N/A	Error	BETA	None		Failed auto update retrieval of third-party root list sequence number from: \"http://www.download.windowsupdate.com/msdownload/update/v3/static/trustedr/en/authrootseq.txt\" with error: This network connection does not exist.    	136\"",  axis4="",  axis5="",  axis6="";
 axis0="udp:514",  axis1="31.154.241.1",  axis2="syslog",  axis3="\"Nov 11 14:01:00 31.154.241.1 Nov 11 14:01:52 Beta.usma.bluenet MSWinEventLog	1	Application	4045	Fri Nov 11 14:01:47 2011	8	crypt32	Unknown User	N/A	Error	BETA	None		Failed auto update retrieval of third-party root list sequence number from: \"http://www.download.windowsupdate.com/msdownload/update/v3/static/trustedr/en/authrootseq.txt\" with error: This network connection does not exist.    	135\"",  axis4="",  axis5="",  axis6="";
 axis0="udp:514",  axis1="31.154.241.1",  axis2="syslog",  axis3="\"Nov 11 14:01:00 31.154.241.1 Nov 11 14:01:52 Beta.usma.bluenet MSWinEventLog	1	Application	4044	Fri Nov 11 14:01:47 2011	8	crypt32	Unknown User	N/A	Error	BETA	None		Failed auto update retrieval of third-party root list sequence number from: \"http://www.download.windowsupdate.com/msdownload/update/v3/static/trustedr/en/authrootseq.txt\" with error: This network connection does not exist.    	134\"",  axis4="",  axis5="",  axis6="";
 axis0="udp:514",  axis1="31.154.241.1",  axis2="syslog",  axis3="\"Nov 11 14:01:00 31.154.241.1 Nov 11 14:01:52 Beta.usma.bluenet MSWinEventLog	1	Application	4043	Fri Nov 11 14:01:45 2011	8	crypt32	Unknown User	N/A	Error	BETA	None		Failed auto update retrieval of third-party root list sequence number from: \"http://www.download.windowsupdate.com/msdownload/update/v3/static/trustedr/en/authrootseq.txt\" with error: This network connection does not exist.    	133\"",  axis4="",  axis5="",  axis6="";
 axis0="udp:514",  axis1="31.154.241.1",  axis2="syslog",  axis3="\"Nov 11 14:01:00 31.154.241.1 Nov 11 14:01:52 Beta.usma.bluenet MSWinEventLog	1	Application	4042	Fri Nov 11 14:01:45 2011	8	crypt32	Unknown User	N/A	Error	BETA	None		Failed auto update retrieval of third-party root list sequence number from: \"http://www.download.windowsupdate.com/msdownload/update/v3/static/trustedr/en/authrootseq.txt\" with error: This network connection does not exist.    	132\"",  axis4="",  axis5="",  axis6="";
 axis0="udp:514",  axis1="31.154.241.1",  axis2="syslog",  axis3="\"Nov 11 14:01:00 31.154.241.1 Nov 11 14:01:52 Beta.usma.bluenet MSWinEventLog	1	Application	4041	Fri Nov 11 14:01:45 2011	8	crypt32	Unknown User	N/A	Error	BETA	None		Failed auto update retrieval of third-party root list sequence number from: \"http://www.download.windowsupdate.com/msdownload/update/v3/static/trustedr/en/authrootseq.txt\" with error: This network connection does not exist.    	131\"",  axis4="",  axis5="",  axis6="";
 axis0="udp:514",  axis1="31.154.241.1",  axis2="syslog",  axis3="\"Nov 11 14:00:53 31.154.241.1 Nov 11 14:01:45 Beta.usma.bluenet MSWinEventLog	1	Application	4040	Fri Nov 11 14:01:45 2011	8	crypt32	Unknown User	N/A	Error	BETA	None		Failed auto update retrieval of third-party root list sequence number from: \"http://www.download.windowsupdate.com/msdownload/update/v3/static/trustedr/en/authrootseq.txt\" with error: A connection with the server could not be established    	130\"",  axis4="",  axis5="",  axis6="";
 axis0="udp:514",  axis1="31.154.241.1",  axis2="syslog",  axis3="\"Nov 11 14:00:44 31.154.241.1 Nov 11 14:01:36 Beta.usma.bluenet MSWinEventLog	1	Application	4039	Fri Nov 11 14:01:28 2011	8	crypt32	Unknown User	N/A	Error	BETA	None		Failed auto update retrieval of third-party root list sequence number from: \"http://www.download.windowsupdate.com/msdownload/update/v3/static/trustedr/en/authrootseq.txt\" with error: This network connection does not exist.    	129\"",  axis4="",  axis5="",  axis6="";
 axis0="udp:514",  axis1="31.154.241.1",  axis2="syslog",  axis3="\"Nov 11 14:00:44 31.154.241.1 Nov 11 14:01:36 Beta.usma.bluenet MSWinEventLog	1	Application	4038	Fri Nov 11 14:01:28 2011	8	crypt32	Unknown User	N/A	Error	BETA	None		Failed auto update retrieval of third-party root list sequence number from: \"http://www.download.windowsupdate.com/msdownload/update/v3/static/trustedr/en/authrootseq.txt\" with error: This network connection does not exist.    	128\"",  axis4="",  axis5="",  axis6="";
 axis0="udp:514",  axis1="31.154.241.1",  axis2="syslog",  axis3="\"Nov 11 14:00:44 31.154.241.1 Nov 11 14:01:36 Beta.usma.bluenet MSWinEventLog	1	Application	4037	Fri Nov 11 14:01:28 2011	8	crypt32	Unknown User	N/A	Error	BETA	None		Failed auto update retrieval of third-party root list sequence number from: \"http://www.download.windowsupdate.com/msdownload/update/v3/static/trustedr/en/authrootseq.txt\" with error: This network connection does not exist.    	127\"",  axis4="",  axis5="",  axis6="";
 axis0="udp:514",  axis1="31.154.241.1",  axis2="syslog",  axis3="\"Nov 11 14:00:37 31.154.241.1 Nov 11 14:01:28 Beta.usma.bluenet MSWinEventLog	1	Application	4036	Fri Nov 11 14:01:28 2011	8	crypt32	Unknown User	N/A	Error	BETA	None		Failed auto update retrieval of third-party root list sequence number from: \"http://www.download.windowsupdate.com/msdownload/update/v3/static/trustedr/en/authrootseq.txt\" with error: A connection with the server could not be established    	126\"",  axis4="",  axis5="",  axis6="";
 axis0="udp:514",  axis1="180.242.137.181",  axis2="syslog",  axis3="Nov 11 14:00:05 180.242.137.181 Nov 11 14:00:00 /usr/sbin/cron[5179]: (root) CMD (/usr/libexec/atrun)",  axis4="",  axis5="",  axis6="";
 axis0="udp:514",  axis1="180.242.137.181",  axis2="syslog",  axis3="Nov 11 14:00:05 180.242.137.181 Nov 11 14:00:00 /usr/sbin/cron[5177]: (root) CMD (newsyslog)",  axis4="",  axis5="",  axis6="";
 axis0="udp:514",  axis1="31.154.241.1",  axis2="syslog",  axis3="\"Nov 11 14:00:02 31.154.241.1 Nov 11 14:00:54 Beta.usma.bluenet MSWinEventLog	1	Application	4034	Fri Nov 11 14:00:51 2011	8	crypt32	Unknown User	N/A	Error	BETA	None		Failed auto update retrieval of third-party root list sequence number from: \"http://www.download.windowsupdate.com/msdownload/update/v3/static/trustedr/en/authrootseq.txt\" with error: This network connection does not exist.    	125\"",  axis4="",  axis5="",  axis6="";
 axis0="udp:514",  axis1="31.154.241.1",  axis2="syslog",  axis3="\"Nov 11 14:00:02 31.154.241.1 Nov 11 14:00:54 Beta.usma.bluenet MSWinEventLog	1	Application	4033	Fri Nov 11 14:00:51 2011	8	crypt32	Unknown User	N/A	Error	BETA	None		Failed auto update retrieval of third-party root list sequence number from: \"http://www.download.windowsupdate.com/msdownload/update/v3/static/trustedr/en/authrootseq.txt\" with error: This network connection does not exist.    	124\"",  axis4="",  axis5="",  axis6="";
 axis0="udp:514",  axis1="31.154.241.1",  axis2="syslog",  axis3="\"Nov 11 14:00:02 31.154.241.1 Nov 11 14:00:54 Beta.usma.bluenet MSWinEventLog	1	Application	4032	Fri Nov 11 14:00:51 2011	8	crypt32	Unknown User	N/A	Error	BETA	None		Failed auto update retrieval of third-party root list sequence number from: \"http://www.download.windowsupdate.com/msdownload/update/v3/static/trustedr/en/authrootseq.txt\" with error: This network connection does not exist.    	123\"",  axis4="",  axis5="",  axis6="";
 axis0="udp:514",  axis1="31.154.241.1",  axis2="syslog",  axis3="\"Nov 11 14:00:02 31.154.241.1 Nov 11 14:00:54 Beta.usma.bluenet MSWinEventLog	1	Application	4031	Fri Nov 11 14:00:51 2011	8	crypt32	Unknown User	N/A	Error	BETA	None		Failed auto update retrieval of third-party root list sequence number from: \"http://www.download.windowsupdate.com/msdownload/update/v3/static/trustedr/en/authrootseq.txt\" with error: This network connection does not exist.    	122\"",  axis4="",  axis5="",  axis6="";
 axis0="udp:514",  axis1="31.154.241.1",  axis2="syslog",  axis3="\"Nov 11 14:00:02 31.154.241.1 Nov 11 14:00:54 Beta.usma.bluenet MSWinEventLog	1	Application	4030	Fri Nov 11 14:00:51 2011	8	crypt32	Unknown User	N/A	Error	BETA	None		Failed auto update retrieval of third-party root list sequence number from: \"http://www.download.windowsupdate.com/msdownload/update/v3/static/trustedr/en/authrootseq.txt\" with error: This network connection does not exist.    	121\"",  axis4="",  axis5="",  axis6="";
 axis0="udp:514",  axis1="31.154.241.1",  axis2="syslog",  axis3="\"Nov 11 14:00:02 31.154.241.1 Nov 11 14:00:54 Beta.usma.bluenet MSWinEventLog	1	Application	4029	Fri Nov 11 14:00:51 2011	8	crypt32	Unknown User	N/A	Error	BETA	None		Failed auto update retrieval of third-party root list sequence number from: \"http://www.download.windowsupdate.com/msdownload/update/v3/static/trustedr/en/authrootseq.txt\" with error: This network connection does not exist.    	120\"",  axis4="",  axis5="",  axis6="";
 axis0="udp:514",  axis1="31.154.241.1",  axis2="syslog",  axis3="\"Nov 11 14:00:02 31.154.241.1 Nov 11 14:00:54 Beta.usma.bluenet MSWinEventLog	1	Application	4028	Fri Nov 11 14:00:51 2011	8	crypt32	Unknown User	N/A	Error	BETA	None		Failed auto update retrieval of third-party root list sequence number from: \"http://www.download.windowsupdate.com/msdownload/update/v3/static/trustedr/en/authrootseq.txt\" with error: This network connection does not exist.    	119\"",  axis4="",  axis5="",  axis6="";
 axis0="udp:514",  axis1="31.154.241.1",  axis2="syslog",  axis3="\"Nov 11 14:00:02 31.154.241.1 Nov 11 14:00:54 Beta.usma.bluenet MSWinEventLog	1	Application	4027	Fri Nov 11 14:00:51 2011	8	crypt32	Unknown User	N/A	Error	BETA	None		Failed auto update retrieval of third-party root list sequence number from: \"http://www.download.windowsupdate.com/msdownload/update/v3/static/trustedr/en/authrootseq.txt\" with error: This network connection does not exist.    	118\"",  axis4="",  axis5="",  axis6="";
 axis0="udp:514",  axis1="31.154.241.1",  axis2="syslog",  axis3="\"Nov 11 14:00:02 31.154.241.1 Nov 11 14:00:54 Beta.usma.bluenet MSWinEventLog	1	Application	4026	Fri Nov 11 14:00:51 2011	8	crypt32	Unknown User	N/A	Error	BETA	None		Failed auto update retrieval of third-party root list sequence number from: \"http://www.download.windowsupdate.com/msdownload/update/v3/static/trustedr/en/authrootseq.txt\" with error: This network connection does not exist.    	117\"",  axis4="",  axis5="",  axis6="";
 axis0="udp:514",  axis1="31.154.241.1",  axis2="syslog",  axis3="\"Nov 11 14:00:02 31.154.241.1 Nov 11 14:00:54 Beta.usma.bluenet MSWinEventLog	1	Application	4025	Fri Nov 11 14:00:51 2011	8	crypt32	Unknown User	N/A	Error	BETA	None		Failed auto update retrieval of third-party root list sequence number from: \"http://www.download.windowsupdate.com/msdownload/update/v3/static/trustedr/en/authrootseq.txt\" with error: This network connection does not exist.    	116\"",  axis4="",  axis5="",  axis6="";
 axis0="udp:514",  axis1="31.154.241.1",  axis2="syslog",  axis3="\"Nov 11 14:00:02 31.154.241.1 Nov 11 14:00:54 Beta.usma.bluenet MSWinEventLog	1	Application	4024	Fri Nov 11 14:00:51 2011	8	crypt32	Unknown User	N/A	Error	BETA	None		Failed auto update retrieval of third-party root list sequence number from: \"http://www.download.windowsupdate.com/msdownload/update/v3/static/trustedr/en/authrootseq.txt\" with error: This network connection does not exist.    	115\"",  axis4="",  axis5="",  axis6="";
 axis0="udp:514",  axis1="31.154.241.1",  axis2="syslog",  axis3="\"Nov 11 14:00:02 31.154.241.1 Nov 11 14:00:54 Beta.usma.bluenet MSWinEventLog	1	Application	4023	Fri Nov 11 14:00:51 2011	8	crypt32	Unknown User	N/A	Error	BETA	None		Failed auto update retrieval of third-party root list sequence number from: \"http://www.download.windowsupdate.com/msdownload/update/v3/static/trustedr/en/authrootseq.txt\" with error: This network connection does not exist.    	114\"",  axis4="",  axis5="",  axis6="";
 axis0="udp:514",  axis1="31.154.241.1",  axis2="syslog",  axis3="\"Nov 11 14:00:02 31.154.241.1 Nov 11 14:00:54 Beta.usma.bluenet MSWinEventLog	1	Application	4022	Fri Nov 11 14:00:49 2011	8	crypt32	Unknown User	N/A	Error	BETA	None		Failed auto update retrieval of third-party root list sequence number from: \"http://www.download.windowsupdate.com/msdownload/update/v3/static/trustedr/en/authrootseq.txt\" with error: This network connection does not exist.    	113\"",  axis4="",  axis5="",  axis6="";
 axis0="udp:514",  axis1="31.154.241.1",  axis2="syslog",  axis3="\"Nov 11 14:00:02 31.154.241.1 Nov 11 14:00:54 Beta.usma.bluenet MSWinEventLog	1	Application	4021	Fri Nov 11 14:00:49 2011	8	crypt32	Unknown User	N/A	Error	BETA	None		Failed auto update retrieval of third-party root list sequence number from: \"http://www.download.windowsupdate.com/msdownload/update/v3/static/trustedr/en/authrootseq.txt\" with error: This network connection does not exist.    	112\"",  axis4="",  axis5="",  axis6="";
 axis0="udp:514",  axis1="31.154.241.1",  axis2="syslog",  axis3="\"Nov 11 14:00:02 31.154.241.1 Nov 11 14:00:54 Beta.usma.bluenet MSWinEventLog	1	Application	4020	Fri Nov 11 14:00:49 2011	8	crypt32	Unknown User	N/A	Error	BETA	None		Failed auto update retrieval of third-party root list sequence number from: \"http://www.download.windowsupdate.com/msdownload/update/v3/static/trustedr/en/authrootseq.txt\" with error: This network connection does not exist.    	111\"",  axis4="",  axis5="",  axis6="";
 axis0="/var/log/cron",  axis1="wrestlingcleats.usma.bluenet",  axis2="too_small",  axis3="2011-11-11T14:00:00.085592-05:00 wrestlingcleats /usr/sbin/cron[6635]: (root) CMD (newsyslog)",  axis4="",  axis5="",  axis6="";
 axis0="/var/log/cron",  axis1="wrestlingcleats.usma.bluenet",  axis2="too_small",  axis3="2011-11-11T14:00:00.082550-05:00 wrestlingcleats /usr/sbin/cron[6633]: (root) CMD (/usr/libexec/atrun)",  axis4="",  axis5="",  axis6="";
 axis0="udp:514",  axis1="31.154.241.1",  axis2="syslog",  axis3="\"Nov 11 13:59:57 31.154.241.1 Nov 11 14:00:49 Beta.usma.bluenet MSWinEventLog	1	Application	4019	Fri Nov 11 14:00:49 2011	8	crypt32	Unknown User	N/A	Error	BETA	None		Failed auto update retrieval of third-party root list sequence number from: \"http://www.download.windowsupdate.com/msdownload/update/v3/static/trustedr/en/authrootseq.txt\" with error: A connection with the server could not be established    	110\"",  axis4="",  axis5="",  axis6="";
